Time[ps]      Etot[eV]     Epot[eV]     Ekin[eV]    T[K]
0.0000        -393.4692    -398.0476       4.5784   553.4
0.0005        -393.4692    -398.0443       4.5750   553.0
0.0010        -393.4692    -398.0341       4.5649   551.8
0.0015        -393.4692    -398.0172       4.5480   549.8
0.0020        -393.4692    -397.9937       4.5245   546.9
0.0025        -393.4692    -397.9635       4.4943   543.3
0.0030        -393.4692    -397.9269       4.4577   538.8
0.0035        -393.4692    -397.8838       4.4146   533.6
0.0040        -393.4692    -397.8346       4.3654   527.7
0.0045        -393.4692    -397.7792       4.3101   521.0
0.0050        -393.4692    -397.7181       4.2489   513.6
0.0055        -393.4691    -397.6514       4.1822   505.5
0.0060        -393.4691    -397.5793       4.1102   496.8
0.0065        -393.4691    -397.5022       4.0331   487.5
0.0070        -393.4691    -397.4204       3.9513   477.6
0.0075        -393.4691    -397.3342       3.8651   467.2
0.0080        -393.4690    -397.2439       3.7749   456.3
0.0085        -393.4690    -397.1500       3.6810   445.0
0.0090        -393.4690    -397.0528       3.5838   433.2
0.0095        -393.4690    -396.9526       3.4837   421.1
0.0100        -393.4689    -396.8501       3.3811   408.7
0.0105        -393.4689    -396.7454       3.2765   396.1
0.0110        -393.4689    -396.6392       3.1703   383.2
0.0115        -393.4689    -396.5319       3.0630   370.3
0.0120        -393.4688    -396.4238       2.9550   357.2
0.0125        -393.4688    -396.3155       2.8467   344.1
0.0130        -393.4688    -396.2073       2.7386   331.0
0.0135        -393.4687    -396.0998       2.6311   318.0
0.0140        -393.4687    -395.9934       2.5247   305.2
0.0145        -393.4687    -395.8884       2.4197   292.5
0.0150        -393.4687    -395.7853       2.3166   280.0
0.0155        -393.4686    -395.6845       2.2158   267.9
0.0160        -393.4686    -395.5863       2.1177   256.0
0.0165        -393.4686    -395.4913       2.0227   244.5
0.0170        -393.4686    -395.3996       1.9310   233.4
0.0175        -393.4686    -395.3118       1.8432   222.8
0.0180        -393.4685    -395.2281       1.7596   212.7
0.0185        -393.4685    -395.1489       1.6804   203.1
0.0190        -393.4685    -395.0744       1.6059   194.1
0.0195        -393.4685    -395.0050       1.5365   185.7
0.0200        -393.4685    -394.9407       1.4723   178.0
0.0205        -393.4685    -394.8820       1.4135   170.9
0.0210        -393.4685    -394.8288       1.3603   164.4
0.0215        -393.4685    -394.7813       1.3129   158.7
0.0220        -393.4685    -394.7397       1.2712   153.7
0.0225        -393.4685    -394.7038       1.2354   149.3
0.0230        -393.4685    -394.6738       1.2054   145.7
0.0235        -393.4685    -394.6496       1.1812   142.8
0.0240        -393.4685    -394.6312       1.1627   140.5
0.0245        -393.4685    -394.6184       1.1499   139.0
0.0250        -393.4685    -394.6110       1.1426   138.1
0.0255        -393.4685    -394.6091       1.1406   137.9
0.0260        -393.4685    -394.6123       1.1437   138.3
0.0265        -393.4685    -394.6204       1.1519   139.2
0.0270        -393.4685    -394.6332       1.1647   140.8
0.0275        -393.4686    -394.6506       1.1820   142.9
0.0280        -393.4686    -394.6722       1.2036   145.5
0.0285        -393.4686    -394.6977       1.2291   148.6
0.0290        -393.4686    -394.7270       1.2584   152.1
0.0295        -393.4686    -394.7597       1.2911   156.1
0.0300        -393.4686    -394.7957       1.3270   160.4
0.0305        -393.4686    -394.8345       1.3659   165.1
0.0310        -393.4687    -394.8760       1.4073   170.1
0.0315        -393.4687    -394.9198       1.4511   175.4
0.0320        -393.4687    -394.9657       1.4970   181.0
0.0325        -393.4687    -395.0132       1.5445   186.7
0.0330        -393.4687    -395.0622       1.5935   192.6
0.0335        -393.4688    -395.1123       1.6435   198.7
0.0340        -393.4688    -395.1632       1.6944   204.8
0.0345        -393.4688    -395.2146       1.7458   211.0
0.0350        -393.4688    -395.2662       1.7974   217.3
0.0355        -393.4688    -395.3177       1.8489   223.5
0.0360        -393.4688    -395.3690       1.9001   229.7
0.0365        -393.4689    -395.4196       1.9507   235.8
0.0370        -393.4689    -395.4693       2.0005   241.8
0.0375        -393.4689    -395.5180       2.0491   247.7
0.0380        -393.4689    -395.5654       2.0965   253.4
0.0385        -393.4689    -395.6113       2.1423   259.0
0.0390        -393.4689    -395.6554       2.1864   264.3
0.0395        -393.4689    -395.6976       2.2286   269.4
0.0400        -393.4690    -395.7376       2.2687   274.2
0.0405        -393.4690    -395.7754       2.3065   278.8
0.0410        -393.4690    -395.8107       2.3418   283.1
0.0415        -393.4690    -395.8435       2.3745   287.0
0.0420        -393.4690    -395.8735       2.4046   290.7
0.0425        -393.4690    -395.9008       2.4318   294.0
0.0430        -393.4690    -395.9251       2.4561   296.9
0.0435        -393.4690    -395.9465       2.4775   299.5
0.0440        -393.4690    -395.9649       2.4959   301.7
0.0445        -393.4690    -395.9803       2.5113   303.6
0.0450        -393.4690    -395.9926       2.5236   305.1
0.0455        -393.4690    -396.0019       2.5329   306.2
0.0460        -393.4690    -396.0083       2.5393   307.0
0.0465        -393.4690    -396.0118       2.5428   307.4
0.0470        -393.4690    -396.0124       2.5435   307.5
0.0475        -393.4690    -396.0103       2.5413   307.2
0.0480        -393.4690    -396.0055       2.5365   306.6
0.0485        -393.4690    -395.9981       2.5291   305.7
0.0490        -393.4690    -395.9882       2.5192   304.5
0.0495        -393.4689    -395.9759       2.5069   303.0
0.0500        -393.4689    -395.9613       2.4923   301.3
0.0505        -393.4689    -395.9446       2.4756   299.3
0.0510        -393.4689    -395.9258       2.4569   297.0
0.0515        -393.4689    -395.9053       2.4363   294.5
0.0520        -393.4689    -395.8830       2.4141   291.8
0.0525        -393.4689    -395.8592       2.3903   288.9
0.0530        -393.4689    -395.8341       2.3652   285.9
0.0535        -393.4689    -395.8078       2.3389   282.7
0.0540        -393.4689    -395.7805       2.3117   279.4
0.0545        -393.4688    -395.7525       2.2836   276.0
0.0550        -393.4688    -395.7238       2.2549   272.6
0.0555        -393.4688    -395.6946       2.2258   269.1
0.0560        -393.4688    -395.6652       2.1964   265.5
0.0565        -393.4688    -395.6357       2.1668   261.9
0.0570        -393.4688    -395.6062       2.1374   258.4
0.0575        -393.4688    -395.5768       2.1081   254.8
0.0580        -393.4688    -395.5479       2.0791   251.3
0.0585        -393.4688    -395.5194       2.0506   247.9
0.0590        -393.4688    -395.4915       2.0227   244.5
0.0595        -393.4688    -395.4643       1.9955   241.2
0.0600        -393.4688    -395.4379       1.9691   238.0
0.0605        -393.4687    -395.4125       1.9437   235.0
0.0610        -393.4687    -395.3881       1.9193   232.0
0.0615        -393.4687    -395.3648       1.8960   229.2
0.0620        -393.4687    -395.3426       1.8739   226.5
0.0625        -393.4687    -395.3218       1.8531   224.0
0.0630        -393.4687    -395.3023       1.8335   221.6
0.0635        -393.4687    -395.2841       1.8154   219.4
0.0640        -393.4687    -395.2674       1.7986   217.4
0.0645        -393.4687    -395.2521       1.7833   215.6
0.0650        -393.4687    -395.2382       1.7695   213.9
0.0655        -393.4687    -395.2258       1.7571   212.4
0.0660        -393.4687    -395.2149       1.7462   211.1
0.0665        -393.4687    -395.2055       1.7368   209.9
0.0670        -393.4687    -395.1975       1.7288   209.0
0.0675        -393.4687    -395.1910       1.7223   208.2
0.0680        -393.4687    -395.1859       1.7171   207.6
0.0685        -393.4687    -395.1821       1.7134   207.1
0.0690        -393.4687    -395.1797       1.7110   206.8
0.0695        -393.4687    -395.1786       1.7098   206.7
0.0700        -393.4687    -395.1787       1.7099   206.7
0.0705        -393.4687    -395.1800       1.7113   206.9
0.0710        -393.4687    -395.1825       1.7138   207.2
0.0715        -393.4687    -395.1861       1.7174   207.6
0.0720        -393.4687    -395.1908       1.7221   208.2
0.0725        -393.4687    -395.1965       1.7278   208.9
0.0730        -393.4688    -395.2032       1.7344   209.7
0.0735        -393.4688    -395.2108       1.7421   210.6
0.0740        -393.4688    -395.2193       1.7506   211.6
0.0745        -393.4688    -395.2287       1.7599   212.7
0.0750        -393.4688    -395.2388       1.7701   214.0
0.0755        -393.4688    -395.2498       1.7810   215.3
0.0760        -393.4688    -395.2614       1.7926   216.7
0.0765        -393.4688    -395.2737       1.8049   218.2
0.0770        -393.4688    -395.2867       1.8179   219.7
0.0775        -393.4688    -395.3002       1.8315   221.4
0.0780        -393.4688    -395.3143       1.8456   223.1
0.0785        -393.4688    -395.3290       1.8602   224.9
0.0790        -393.4688    -395.3441       1.8753   226.7
0.0795        -393.4688    -395.3596       1.8908   228.6
0.0800        -393.4688    -395.3755       1.9067   230.5
0.0805        -393.4688    -395.3918       1.9230   232.5
0.0810        -393.4688    -395.4084       1.9396   234.5
0.0815        -393.4688    -395.4252       1.9565   236.5
0.0820        -393.4688    -395.4423       1.9735   238.6
0.0825        -393.4688    -395.4596       1.9908   240.7
0.0830        -393.4688    -395.4771       2.0083   242.8
0.0835        -393.4688    -395.4947       2.0259   244.9
0.0840        -393.4688    -395.5123       2.0435   247.0
0.0845        -393.4688    -395.5300       2.0612   249.2
0.0850        -393.4688    -395.5477       2.0789   251.3
0.0855        -393.4688    -395.5654       2.0966   253.4
0.0860        -393.4688    -395.5831       2.1143   255.6
0.0865        -393.4688    -395.6006       2.1318   257.7
0.0870        -393.4688    -395.6180       2.1492   259.8
0.0875        -393.4688    -395.6353       2.1665   261.9
0.0880        -393.4688    -395.6524       2.1836   264.0
0.0885        -393.4688    -395.6693       2.2005   266.0
0.0890        -393.4688    -395.6859       2.2171   268.0
0.0895        -393.4688    -395.7023       2.2335   270.0
0.0900        -393.4688    -395.7184       2.2496   271.9
0.0905        -393.4688    -395.7342       2.2654   273.8
0.0910        -393.4688    -395.7497       2.2809   275.7
0.0915        -393.4688    -395.7648       2.2960   277.5
0.0920        -393.4688    -395.7796       2.3108   279.3
0.0925        -393.4688    -395.7941       2.3252   281.1
0.0930        -393.4688    -395.8081       2.3393   282.8
0.0935        -393.4688    -395.8218       2.3530   284.4
0.0940        -393.4688    -395.8352       2.3663   286.0
0.0945        -393.4688    -395.8481       2.3793   287.6
0.0950        -393.4688    -395.8607       2.3919   289.1
0.0955        -393.4688    -395.8729       2.4041   290.6
0.0960        -393.4688    -395.8848       2.4159   292.0
0.0965        -393.4688    -395.8962       2.4274   293.4
0.0970        -393.4688    -395.9073       2.4385   294.8
0.0975        -393.4688    -395.9180       2.4492   296.1
0.0980        -393.4688    -395.9284       2.4596   297.3
0.0985        -393.4688    -395.9384       2.4696   298.5
0.0990        -393.4688    -395.9480       2.4792   299.7
0.0995        -393.4688    -395.9573       2.4885   300.8
0.1000        -393.4688    -395.9662       2.4974   301.9
0.1005        -393.4688    -395.9748       2.5060   302.9
0.1010        -393.4688    -395.9830       2.5142   303.9
0.1015        -393.4688    -395.9908       2.5220   304.9
0.1020        -393.4688    -395.9983       2.5295   305.8
0.1025        -393.4688    -396.0055       2.5367   306.6
0.1030        -393.4688    -396.0123       2.5434   307.5
0.1035        -393.4688    -396.0187       2.5499   308.2
0.1040        -393.4688    -396.0247       2.5559   309.0
0.1045        -393.4688    -396.0304       2.5616   309.6
0.1050        -393.4688    -396.0357       2.5668   310.3
0.1055        -393.4688    -396.0405       2.5717   310.9
0.1060        -393.4688    -396.0449       2.5761   311.4
0.1065        -393.4688    -396.0489       2.5801   311.9
0.1070        -393.4688    -396.0525       2.5836   312.3
0.1075        -393.4688    -396.0555       2.5867   312.7
0.1080        -393.4688    -396.0581       2.5893   313.0
0.1085        -393.4688    -396.0603       2.5914   313.3
0.1090        -393.4688    -396.0619       2.5930   313.4
0.1095        -393.4688    -396.0630       2.5942   313.6
0.1100        -393.4688    -396.0636       2.5948   313.7
0.1105        -393.4688    -396.0637       2.5949   313.7
0.1110        -393.4688    -396.0633       2.5945   313.6
0.1115        -393.4688    -396.0625       2.5936   313.5
0.1120        -393.4688    -396.0611       2.5923   313.4
0.1125        -393.4688    -396.0593       2.5904   313.1
0.1130        -393.4688    -396.0570       2.5882   312.9
0.1135        -393.4688    -396.0543       2.5854   312.5
0.1140        -393.4688    -396.0511       2.5823   312.1
0.1145        -393.4688    -396.0476       2.5787   311.7
0.1150        -393.4688    -396.0436       2.5748   311.2
0.1155        -393.4688    -396.0394       2.5705   310.7
0.1160        -393.4688    -396.0347       2.5659   310.2
0.1165        -393.4688    -396.0298       2.5610   309.6
0.1170        -393.4688    -396.0247       2.5558   309.0
0.1175        -393.4688    -396.0193       2.5505   308.3
0.1180        -393.4688    -396.0137       2.5449   307.6
0.1185        -393.4688    -396.0080       2.5392   306.9
0.1190        -393.4688    -396.0023       2.5335   306.2
0.1195        -393.4688    -395.9964       2.5276   305.5
0.1200        -393.4688    -395.9906       2.5218   304.8
0.1205        -393.4688    -395.9849       2.5161   304.1
0.1210        -393.4688    -395.9792       2.5104   303.5
0.1215        -393.4688    -395.9737       2.5049   302.8
0.1220        -393.4688    -395.9683       2.4995   302.1
0.1225        -393.4688    -395.9632       2.4944   301.5
0.1230        -393.4688    -395.9584       2.4896   300.9
0.1235        -393.4688    -395.9539       2.4851   300.4
0.1240        -393.4688    -395.9497       2.4810   299.9
0.1245        -393.4688    -395.9460       2.4772   299.4
0.1250        -393.4688    -395.9426       2.4738   299.0
0.1255        -393.4688    -395.9397       2.4709   298.7
0.1260        -393.4688    -395.9372       2.4684   298.4
0.1265        -393.4688    -395.9352       2.4664   298.1
0.1270        -393.4688    -395.9337       2.4649   298.0
0.1275        -393.4688    -395.9326       2.4639   297.8
0.1280        -393.4688    -395.9321       2.4633   297.8
0.1285        -393.4688    -395.9321       2.4633   297.8
0.1290        -393.4688    -395.9325       2.4637   297.8
0.1295        -393.4688    -395.9334       2.4646   297.9
0.1300        -393.4688    -395.9347       2.4659   298.1
0.1305        -393.4688    -395.9365       2.4677   298.3
0.1310        -393.4688    -395.9386       2.4698   298.6
0.1315        -393.4688    -395.9412       2.4724   298.9
0.1320        -393.4688    -395.9441       2.4753   299.2
0.1325        -393.4688    -395.9473       2.4785   299.6
0.1330        -393.4688    -395.9507       2.4820   300.0
0.1335        -393.4688    -395.9545       2.4857   300.5
0.1340        -393.4688    -395.9584       2.4896   300.9
0.1345        -393.4688    -395.9625       2.4937   301.4
0.1350        -393.4688    -395.9667       2.4979   302.0
0.1355        -393.4688    -395.9710       2.5022   302.5
0.1360        -393.4688    -395.9753       2.5065   303.0
0.1365        -393.4688    -395.9796       2.5108   303.5
0.1370        -393.4688    -395.9839       2.5151   304.0
0.1375        -393.4688    -395.9880       2.5192   304.5
0.1380        -393.4688    -395.9919       2.5231   305.0
0.1385        -393.4688    -395.9957       2.5269   305.4
0.1390        -393.4688    -395.9992       2.5304   305.9
0.1395        -393.4688    -396.0024       2.5336   306.3
0.1400        -393.4688    -396.0053       2.5365   306.6
0.1405        -393.4688    -396.0078       2.5390   306.9
0.1410        -393.4688    -396.0099       2.5411   307.2
0.1415        -393.4688    -396.0117       2.5428   307.4
0.1420        -393.4688    -396.0130       2.5441   307.5
0.1425        -393.4688    -396.0138       2.5450   307.6
0.1430        -393.4688    -396.0142       2.5454   307.7
0.1435        -393.4688    -396.0142       2.5453   307.7
0.1440        -393.4688    -396.0136       2.5448   307.6
0.1445        -393.4688    -396.0126       2.5438   307.5
0.1450        -393.4688    -396.0111       2.5423   307.3
0.1455        -393.4688    -396.0092       2.5403   307.1
0.1460        -393.4688    -396.0067       2.5379   306.8
0.1465        -393.4688    -396.0038       2.5350   306.4
0.1470        -393.4688    -396.0004       2.5316   306.0
0.1475        -393.4688    -395.9966       2.5278   305.6
0.1480        -393.4688    -395.9924       2.5236   305.1
0.1485        -393.4688    -395.9878       2.5190   304.5
0.1490        -393.4688    -395.9828       2.5140   303.9
0.1495        -393.4688    -395.9775       2.5087   303.3
0.1500        -393.4688    -395.9719       2.5031   302.6
