Time[ps]      Etot[eV]     Epot[eV]     Ekin[eV]    T[K]
0.0000        -5153.841    -5153.841        0.000     0.0
0.0005        -5153.841    -5153.841        0.000     0.0
0.0010        -5153.841    -5153.841        0.000     0.0
0.0015        -5153.841    -5153.841        0.000     0.0
0.0020        -5153.841    -5153.841        0.000     0.0
0.0025        -5153.841    -5153.841        0.000     0.0
0.0030        -5153.841    -5153.841        0.000     0.0
0.0035        -5153.841    -5153.841        0.000     0.0
0.0040        -5153.841    -5153.841        0.000     0.0
0.0045        -5153.841    -5153.841        0.000     0.0
0.0050        -5153.841    -5153.841        0.000     0.0
0.0055        -5153.841    -5153.841        0.000     0.0
0.0060        -5153.841    -5153.841        0.000     0.0
0.0065        -5153.841    -5153.841        0.000     0.0
0.0070        -5153.841    -5153.841        0.000     0.0
0.0075        -5153.841    -5153.841        0.000     0.0
0.0080        -5153.841    -5153.841        0.000     0.0
0.0085        -5153.841    -5153.841        0.000     0.0
0.0090        -5153.841    -5153.841        0.000     0.0
0.0095        -5153.841    -5153.841        0.000     0.0
0.0100        -5153.841    -5153.841        0.000     0.0
0.0105        -5153.841    -5153.841        0.000     0.0
0.0110        -5153.841    -5153.841        0.000     0.0
0.0115        -5153.841    -5153.841        0.000     0.0
0.0120        -5153.841    -5153.841        0.000     0.0
0.0125        -5153.841    -5153.841        0.000     0.0
0.0130        -5153.841    -5153.841        0.000     0.0
0.0135        -5153.841    -5153.841        0.000     0.0
0.0140        -5153.841    -5153.841        0.000     0.0
0.0145        -5153.841    -5153.841        0.000     0.0
0.0150        -5153.841    -5153.841        0.000     0.0
0.0155        -5153.841    -5153.841        0.000     0.0
0.0160        -5153.841    -5153.841        0.000     0.0
0.0165        -5153.841    -5153.841        0.000     0.0
0.0170        -5153.841    -5153.841        0.000     0.0
0.0175        -5153.841    -5153.841        0.000     0.0
0.0180        -5153.841    -5153.841        0.000     0.0
0.0185        -5153.841    -5153.841        0.000     0.0
0.0190        -5153.841    -5153.841        0.000     0.0
0.0195        -5153.841    -5153.841        0.000     0.0
0.0200        -5153.841    -5153.841        0.000     0.0
0.0205        -5153.841    -5153.841        0.000     0.0
0.0210        -5153.841    -5153.841        0.000     0.0
0.0215        -5153.841    -5153.841        0.000     0.0
0.0220        -5153.841    -5153.841        0.000     0.0
0.0225        -5153.841    -5153.841        0.000     0.0
0.0230        -5153.841    -5153.841        0.000     0.0
0.0235        -5153.841    -5153.841        0.000     0.0
0.0240        -5153.841    -5153.841        0.000     0.0
0.0245        -5153.841    -5153.841        0.000     0.0
0.0250        -5153.841    -5153.841        0.000     0.0
0.0255        -5153.841    -5153.841        0.000     0.0
0.0260        -5153.841    -5153.841        0.000     0.0
0.0265        -5153.841    -5153.841        0.000     0.0
0.0270        -5153.841    -5153.841        0.000     0.0
0.0275        -5153.841    -5153.841        0.000     0.0
0.0280        -5153.841    -5153.841        0.000     0.0
0.0285        -5153.841    -5153.841        0.000     0.0
0.0290        -5153.841    -5153.841        0.000     0.0
0.0295        -5153.841    -5153.841        0.000     0.0
0.0300        -5153.841    -5153.841        0.000     0.0
0.0305        -5153.841    -5153.841        0.000     0.0
0.0310        -5153.841    -5153.841        0.000     0.0
0.0315        -5153.841    -5153.841        0.000     0.0
0.0320        -5153.841    -5153.841        0.000     0.0
0.0325        -5153.841    -5153.841        0.000     0.0
0.0330        -5153.841    -5153.841        0.000     0.0
0.0335        -5153.841    -5153.841        0.000     0.0
0.0340        -5153.841    -5153.841        0.000     0.0
0.0345        -5153.841    -5153.841        0.000     0.0
0.0350        -5153.841    -5153.841        0.000     0.0
0.0355        -5153.841    -5153.841        0.000     0.0
0.0360        -5153.841    -5153.841        0.000     0.0
0.0365        -5153.841    -5153.841        0.000     0.0
0.0370        -5153.841    -5153.841        0.000     0.0
0.0375        -5153.841    -5153.841        0.000     0.0
0.0380        -5153.841    -5153.841        0.000     0.0
0.0385        -5153.841    -5153.841        0.000     0.0
0.0390        -5153.841    -5153.841        0.000     0.0
0.0395        -5153.841    -5153.841        0.000     0.0
0.0400        -5153.841    -5153.841        0.000     0.0
0.0405        -5153.841    -5153.841        0.000     0.0
0.0410        -5153.841    -5153.841        0.000     0.0
0.0415        -5153.841    -5153.841        0.000     0.0
0.0420        -5153.841    -5153.841        0.000     0.0
0.0425        -5153.841    -5153.841        0.000     0.0
0.0430        -5153.841    -5153.841        0.000     0.0
0.0435        -5153.841    -5153.841        0.000     0.0
0.0440        -5153.841    -5153.841        0.000     0.0
0.0445        -5153.841    -5153.841        0.000     0.0
0.0450        -5153.841    -5153.841        0.000     0.0
0.0455        -5153.841    -5153.841        0.000     0.0
0.0460        -5153.841    -5153.841        0.000     0.0
0.0465        -5153.841    -5153.841        0.000     0.0
0.0470        -5153.841    -5153.841        0.000     0.0
0.0475        -5153.841    -5153.841        0.000     0.0
0.0480        -5153.841    -5153.841        0.000     0.0
0.0485        -5153.841    -5153.841        0.000     0.0
0.0490        -5153.841    -5153.841        0.000     0.0
0.0495        -5153.841    -5153.841        0.000     0.0
0.0500        -5153.841    -5153.841        0.000     0.0
0.0505        -5153.841    -5153.841        0.000     0.0
0.0510        -5153.841    -5153.841        0.000     0.0
0.0515        -5153.841    -5153.841        0.000     0.0
0.0520        -5153.841    -5153.841        0.000     0.0
0.0525        -5153.841    -5153.841        0.000     0.0
0.0530        -5153.841    -5153.841        0.000     0.0
0.0535        -5153.841    -5153.841        0.000     0.0
0.0540        -5153.841    -5153.841        0.000     0.0
0.0545        -5153.841    -5153.841        0.000     0.0
0.0550        -5153.841    -5153.841        0.000     0.0
0.0555        -5153.841    -5153.841        0.000     0.0
0.0560        -5153.841    -5153.841        0.000     0.0
0.0565        -5153.841    -5153.841        0.000     0.0
0.0570        -5153.841    -5153.841        0.000     0.0
0.0575        -5153.841    -5153.841        0.000     0.0
0.0580        -5153.841    -5153.841        0.000     0.0
0.0585        -5153.841    -5153.841        0.000     0.0
0.0590        -5153.841    -5153.841        0.000     0.0
0.0595        -5153.841    -5153.841        0.000     0.0
0.0600        -5153.841    -5153.841        0.000     0.0
0.0605        -5153.841    -5153.841        0.000     0.0
0.0610        -5153.841    -5153.841        0.000     0.0
0.0615        -5153.841    -5153.841        0.000     0.0
0.0620        -5153.841    -5153.841        0.000     0.0
0.0625        -5153.841    -5153.841        0.000     0.0
0.0630        -5153.841    -5153.841        0.000     0.0
0.0635        -5153.841    -5153.841        0.000     0.0
0.0640        -5153.841    -5153.841        0.000     0.0
0.0645        -5153.841    -5153.841        0.000     0.0
0.0650        -5153.841    -5153.841        0.000     0.0
0.0655        -5153.841    -5153.841        0.000     0.0
0.0660        -5153.841    -5153.841        0.000     0.0
0.0665        -5153.841    -5153.841        0.000     0.0
0.0670        -5153.841    -5153.841        0.000     0.0
0.0675        -5153.841    -5153.841        0.000     0.0
0.0680        -5153.841    -5153.841        0.000     0.0
0.0685        -5153.841    -5153.841        0.000     0.0
0.0690        -5153.841    -5153.841        0.000     0.0
0.0695        -5153.841    -5153.841        0.000     0.0
0.0700        -5153.841    -5153.841        0.000     0.0
0.0705        -5153.841    -5153.841        0.000     0.0
0.0710        -5153.841    -5153.841        0.000     0.0
0.0715        -5153.841    -5153.841        0.000     0.0
0.0720        -5153.841    -5153.841        0.000     0.0
0.0725        -5153.841    -5153.841        0.000     0.0
0.0730        -5153.841    -5153.841        0.000     0.0
0.0735        -5153.841    -5153.841        0.000     0.0
0.0740        -5153.841    -5153.841        0.000     0.0
0.0745        -5153.841    -5153.841        0.000     0.0
0.0750        -5153.841    -5153.841        0.000     0.0
0.0755        -5153.841    -5153.841        0.000     0.0
0.0760        -5153.841    -5153.841        0.000     0.0
0.0765        -5153.841    -5153.841        0.000     0.0
0.0770        -5153.841    -5153.841        0.000     0.0
0.0775        -5153.841    -5153.841        0.000     0.0
0.0780        -5153.841    -5153.841        0.000     0.0
0.0785        -5153.841    -5153.841        0.000     0.0
0.0790        -5153.841    -5153.841        0.000     0.0
0.0795        -5153.841    -5153.841        0.000     0.0
0.0800        -5153.841    -5153.841        0.000     0.0
0.0805        -5153.841    -5153.841        0.000     0.0
0.0810        -5153.841    -5153.841        0.000     0.0
0.0815        -5153.841    -5153.841        0.000     0.0
0.0820        -5153.841    -5153.841        0.000     0.0
0.0825        -5153.841    -5153.841        0.000     0.0
0.0830        -5153.841    -5153.841        0.000     0.0
0.0835        -5153.841    -5153.841        0.000     0.0
0.0840        -5153.841    -5153.841        0.000     0.0
0.0845        -5153.841    -5153.841        0.000     0.0
0.0850        -5153.841    -5153.841        0.000     0.0
0.0855        -5153.841    -5153.841        0.000     0.0
0.0860        -5153.841    -5153.841        0.000     0.0
0.0865        -5153.841    -5153.841        0.000     0.0
0.0870        -5153.841    -5153.841        0.000     0.0
0.0875        -5153.841    -5153.841        0.000     0.0
0.0880        -5153.841    -5153.841        0.000     0.0
0.0885        -5153.841    -5153.841        0.000     0.0
0.0890        -5153.841    -5153.841        0.000     0.0
0.0895        -5153.841    -5153.841        0.000     0.0
0.0900        -5153.841    -5153.841        0.000     0.0
0.0905        -5153.841    -5153.841        0.000     0.0
0.0910        -5153.841    -5153.841        0.000     0.0
0.0915        -5153.841    -5153.841        0.000     0.0
0.0920        -5153.841    -5153.841        0.000     0.0
0.0925        -5153.841    -5153.841        0.000     0.0
0.0930        -5153.841    -5153.841        0.000     0.0
0.0935        -5153.841    -5153.841        0.000     0.0
0.0940        -5153.841    -5153.841        0.000     0.0
0.0945        -5153.841    -5153.841        0.000     0.0
0.0950        -5153.841    -5153.841        0.000     0.0
0.0955        -5153.841    -5153.841        0.000     0.0
0.0960        -5153.841    -5153.841        0.000     0.0
0.0965        -5153.841    -5153.841        0.000     0.0
0.0970        -5153.841    -5153.841        0.000     0.0
0.0975        -5153.841    -5153.841        0.000     0.0
0.0980        -5153.841    -5153.841        0.000     0.0
0.0985        -5153.841    -5153.841        0.000     0.0
0.0990        -5153.841    -5153.841        0.000     0.0
0.0995        -5153.841    -5153.841        0.000     0.0
0.1000        -5153.841    -5153.841        0.000     0.0
0.1005        -5153.841    -5153.841        0.000     0.0
0.1010        -5153.841    -5153.841        0.000     0.0
0.1015        -5153.841    -5153.841        0.000     0.0
0.1020        -5153.841    -5153.841        0.000     0.0
0.1025        -5153.841    -5153.841        0.000     0.0
0.1030        -5153.841    -5153.841        0.000     0.0
0.1035        -5153.841    -5153.841        0.000     0.0
0.1040        -5153.841    -5153.841        0.000     0.0
0.1045        -5153.841    -5153.841        0.000     0.0
0.1050        -5153.841    -5153.841        0.000     0.0
0.1055        -5153.841    -5153.841        0.000     0.0
0.1060        -5153.841    -5153.841        0.000     0.0
0.1065        -5153.841    -5153.841        0.000     0.0
0.1070        -5153.841    -5153.841        0.000     0.0
0.1075        -5153.841    -5153.841        0.000     0.0
0.1080        -5153.841    -5153.841        0.000     0.0
0.1085        -5153.841    -5153.841        0.000     0.0
0.1090        -5153.841    -5153.841        0.000     0.0
0.1095        -5153.841    -5153.841        0.000     0.0
0.1100        -5153.841    -5153.841        0.000     0.0
0.1105        -5153.841    -5153.841        0.000     0.0
0.1110        -5153.841    -5153.841        0.000     0.0
0.1115        -5153.841    -5153.841        0.000     0.0
0.1120        -5153.841    -5153.841        0.000     0.0
0.1125        -5153.841    -5153.841        0.000     0.0
0.1130        -5153.841    -5153.841        0.000     0.0
0.1135        -5153.841    -5153.841        0.000     0.0
0.1140        -5153.841    -5153.841        0.000     0.0
0.1145        -5153.841    -5153.841        0.000     0.0
0.1150        -5153.841    -5153.841        0.000     0.0
0.1155        -5153.841    -5153.841        0.000     0.0
0.1160        -5153.841    -5153.841        0.000     0.0
0.1165        -5153.841    -5153.841        0.000     0.0
0.1170        -5153.841    -5153.841        0.000     0.0
0.1175        -5153.841    -5153.841        0.000     0.0
0.1180        -5153.841    -5153.841        0.000     0.0
0.1185        -5153.841    -5153.841        0.000     0.0
0.1190        -5153.841    -5153.841        0.000     0.0
0.1195        -5153.841    -5153.841        0.000     0.0
0.1200        -5153.841    -5153.841        0.000     0.0
0.1205        -5153.841    -5153.841        0.000     0.0
0.1210        -5153.841    -5153.841        0.000     0.0
0.1215        -5153.841    -5153.841        0.000     0.0
0.1220        -5153.841    -5153.841        0.000     0.0
0.1225        -5153.841    -5153.841        0.000     0.0
0.1230        -5153.841    -5153.841        0.000     0.0
0.1235        -5153.841    -5153.841        0.000     0.0
0.1240        -5153.841    -5153.841        0.000     0.0
0.1245        -5153.841    -5153.841        0.000     0.0
0.1250        -5153.841    -5153.841        0.000     0.0
0.1255        -5153.841    -5153.841        0.000     0.0
0.1260        -5153.841    -5153.841        0.000     0.0
0.1265        -5153.841    -5153.841        0.000     0.0
0.1270        -5153.841    -5153.841        0.000     0.0
0.1275        -5153.841    -5153.841        0.000     0.0
0.1280        -5153.841    -5153.841        0.000     0.0
0.1285        -5153.841    -5153.841        0.000     0.0
0.1290        -5153.841    -5153.841        0.000     0.0
0.1295        -5153.841    -5153.841        0.000     0.0
0.1300        -5153.841    -5153.841        0.000     0.0
0.1305        -5153.841    -5153.841        0.000     0.0
0.1310        -5153.841    -5153.841        0.000     0.0
0.1315        -5153.841    -5153.841        0.000     0.0
0.1320        -5153.841    -5153.841        0.000     0.0
0.1325        -5153.841    -5153.841        0.000     0.0
0.1330        -5153.841    -5153.841        0.000     0.0
0.1335        -5153.841    -5153.841        0.000     0.0
0.1340        -5153.841    -5153.841        0.000     0.0
0.1345        -5153.841    -5153.841        0.000     0.0
0.1350        -5153.841    -5153.841        0.000     0.0
0.1355        -5153.841    -5153.841        0.000     0.0
0.1360        -5153.841    -5153.841        0.000     0.0
0.1365        -5153.841    -5153.841        0.000     0.0
0.1370        -5153.841    -5153.841        0.000     0.0
0.1375        -5153.841    -5153.841        0.000     0.0
0.1380        -5153.841    -5153.841        0.000     0.0
0.1385        -5153.841    -5153.841        0.000     0.0
0.1390        -5153.841    -5153.841        0.000     0.0
0.1395        -5153.841    -5153.841        0.000     0.0
0.1400        -5153.841    -5153.841        0.000     0.0
0.1405        -5153.841    -5153.841        0.000     0.0
0.1410        -5153.841    -5153.841        0.000     0.0
0.1415        -5153.841    -5153.841        0.000     0.0
0.1420        -5153.841    -5153.841        0.000     0.0
0.1425        -5153.841    -5153.841        0.000     0.0
0.1430        -5153.841    -5153.841        0.000     0.0
0.1435        -5153.841    -5153.841        0.000     0.0
0.1440        -5153.841    -5153.841        0.000     0.0
0.1445        -5153.841    -5153.841        0.000     0.0
0.1450        -5153.841    -5153.841        0.000     0.0
0.1455        -5153.841    -5153.841        0.000     0.0
0.1460        -5153.841    -5153.841        0.000     0.0
0.1465        -5153.841    -5153.841        0.000     0.0
0.1470        -5153.841    -5153.841        0.000     0.0
0.1475        -5153.841    -5153.841        0.000     0.0
0.1480        -5153.841    -5153.841        0.000     0.0
0.1485        -5153.841    -5153.841        0.000     0.0
0.1490        -5153.841    -5153.841        0.000     0.0
0.1495        -5153.841    -5153.841        0.000     0.0
0.1500        -5153.841    -5153.841        0.000     0.0
