# Reference      Predicted      Error          #atoms         
-254.63475      -254.66055      0.02579         41.00000       
-309.44159      -309.46988      0.02829         49.00000       
-233.37000      -233.33536      0.03464         37.00000       
-314.61745      -314.50027      0.11718         50.00000       
-320.27104      -320.04959      0.22145         51.00000       
-330.79195      -330.71458      0.07737         53.00000       
-249.26516      -249.23011      0.03506         40.00000       
-336.05693      -336.08233      0.02540         54.00000       
-249.46088      -249.25956      0.20132         40.00000       
-574.10720      -574.17040      0.06320         94.00000       
-254.50769      -254.41599      0.09171         41.00000       
-341.83141      -341.76430      0.06711         55.00000       
-330.76092      -330.59455      0.16636         53.00000       
-336.19233      -336.16185      0.03048         54.00000       
-336.19302      -336.25140      0.05838         54.00000       
-314.82606      -314.75658      0.06948         50.00000       
-382.50416      -382.57864      0.07448         64.00000       
-303.01471      -303.05771      0.04300         48.00000       
-354.51165      -354.48533      0.02631         58.00000       
-595.85441      -595.86424      0.00983         98.00000       
-334.71784      -334.88031      0.16246         54.00000       
-354.51493      -354.54655      0.03162         58.00000       
-329.56722      -329.47890      0.08832         53.00000       
-334.81862      -334.91177      0.09315         54.00000       
-358.62683      -358.57655      0.05029         59.00000       
-339.50503      -339.81356      0.30853         55.00000       
-354.53161      -354.41568      0.11593         58.00000       
-359.08575      -359.02787      0.05789         59.00000       
-339.54967      -339.60440      0.05473         55.00000       
-373.50742      -373.55359      0.04617         62.00000       
-611.17501      -611.06987      0.10514         101.00000      
-334.28577      -334.28878      0.00301         54.00000       
-359.55744      -359.43201      0.12544         59.00000       
-319.27534      -319.28659      0.01124         51.00000       
-378.21358      -378.12719      0.08639         63.00000       
-324.64303      -324.54710      0.09593         52.00000       
-349.78932      -349.76655      0.02278         57.00000       
-364.06349      -364.13924      0.07576         60.00000       
-354.70276      -354.62744      0.07533         58.00000       
-368.88915      -368.84996      0.03919         61.00000       
-359.23284      -359.11556      0.11727         59.00000       
-528.89185      -528.81843      0.07342         85.00000       
-373.64082      -373.68571      0.04489         62.00000       
-334.25181      -334.25647      0.00466         54.00000       
-349.57624      -349.78649      0.21024         57.00000       
-354.20348      -354.26547      0.06199         58.00000       
-324.22300      -324.18661      0.03640         52.00000       
-329.73699      -329.70296      0.03403         53.00000       
-378.05731      -378.39226      0.33495         63.00000       
-345.03902      -345.11588      0.07686         56.00000       
-368.89252      -368.83768      0.05485         61.00000       
-378.05137      -378.22032      0.16895         63.00000       
-545.21000      -545.13487      0.07513         88.00000       
-329.44070      -329.40700      0.03371         53.00000       
-319.34431      -319.28537      0.05894         51.00000       
-313.84778      -313.88105      0.03327         50.00000       
-349.56104      -349.61294      0.05190         57.00000       
-373.54734      -373.65839      0.11106         62.00000       
-364.07090      -363.93075      0.14015         60.00000       
-354.24163      -354.22859      0.01304         58.00000       
-344.88968      -345.06796      0.17829         56.00000       
-308.47682      -308.56514      0.08832         49.00000       
-364.22764      -364.26587      0.03823         60.00000       
-601.98344      -602.11081      0.12737         99.00000       
-313.99838      -313.87444      0.12393         50.00000       
-334.97982      -335.05281      0.07299         54.00000       
-359.63699      -359.47671      0.16028         59.00000       
-368.85895      -368.97665      0.11770         61.00000       
-354.82154      -355.02327      0.20173         58.00000       
-329.93429      -329.86474      0.06954         53.00000       
-344.54995      -344.65619      0.10624         56.00000       
-339.91926      -340.04404      0.12478         55.00000       
-319.39985      -319.31333      0.08652         51.00000       
-345.05378      -345.10313      0.04936         56.00000       
-611.43191      -611.51655      0.08465         101.00000      
-359.64946      -359.62095      0.02851         59.00000       
-334.88288      -334.96001      0.07713         54.00000       
-313.86873      -314.00313      0.13441         50.00000       
-329.77376      -329.92012      0.14636         53.00000       
-354.76067      -354.69672      0.06396         58.00000       
-339.99180      -339.87897      0.11282         55.00000       
-369.00326      -368.81157      0.19169         61.00000       
-319.27848      -319.20314      0.07534         51.00000       
-364.32368      -364.42401      0.10033         60.00000       
-308.47665      -308.63433      0.15768         49.00000       
-591.88584      -591.86724      0.01860         97.00000       
-340.21744      -340.32296      0.10552         55.00000       
-364.27840      -364.33115      0.05275         60.00000       
-334.88648      -334.92244      0.03596         54.00000       
-350.14150      -349.98415      0.15735         57.00000       
-330.00366      -330.09519      0.09153         53.00000       
-345.50956      -345.40347      0.10609         56.00000       
-359.57570      -359.41896      0.15674         59.00000       
-324.74052      -324.70604      0.03448         52.00000       
-369.06360      -368.94288      0.12072         61.00000       
-330.12671      -330.11744      0.00927         53.00000       
-586.86842      -586.86294      0.00547         96.00000       
-335.25579      -335.14491      0.11089         54.00000       
-340.31489      -340.21663      0.09826         55.00000       
-350.06828      -350.18972      0.12144         57.00000       
-354.71169      -354.61313      0.09856         58.00000       
-359.53361      -359.59404      0.06044         59.00000       
-364.31146      -364.12915      0.18231         60.00000       
-368.90082      -368.87868      0.02214         61.00000       
-340.29049      -340.27320      0.01730         55.00000       
-345.37259      -345.61987      0.24728         56.00000       
-350.06362      -350.05904      0.00459         57.00000       
-550.36500      -550.26386      0.10114         89.00000       
-644.16505      -644.10415      0.06090         108.00000      
-354.85316      -354.89928      0.04612         58.00000       
-359.49286      -359.60270      0.10984         59.00000       
-364.32870      -364.13976      0.18895         60.00000       
-368.95791      -368.96926      0.01135         61.00000       
-308.47595      -308.62755      0.15160         49.00000       
-313.87138      -313.82890      0.04249         50.00000       
-319.42258      -319.30859      0.11399         51.00000       
-324.80185      -324.71927      0.08258         52.00000       
-330.15713      -330.06600      0.09113         53.00000       
-335.36214      -335.28199      0.08014         54.00000       
-561.35502      -561.39654      0.04152         91.00000       
-340.37394      -340.33420      0.03975         55.00000       
-350.10624      -350.00873      0.09752         57.00000       
-354.97669      -354.98554      0.00885         58.00000       
-359.52831      -359.63880      0.11048         59.00000       
-308.47721      -308.54190      0.06469         49.00000       
-313.86763      -313.95544      0.08782         50.00000       
-319.44259      -319.44263      0.00005         51.00000       
-325.01363      -324.91540      0.09823         52.00000       
-330.16379      -330.13062      0.03317         53.00000       
-335.36467      -335.24121      0.12346         54.00000       
-596.92828      -596.87366      0.05461         98.00000       
-340.35187      -340.35217      0.00029         55.00000       
-313.99966      -313.94251      0.05715         50.00000       
-319.39929      -319.33827      0.06101         51.00000       
-330.15779      -330.07299      0.08481         53.00000       
-340.37164      -340.42209      0.05045         55.00000       
-345.46706      -345.49922      0.03216         56.00000       
-350.15789      -350.27196      0.11407         57.00000       
-359.70409      -359.63368      0.07041         59.00000       
-364.31108      -364.09843      0.21265         60.00000       
-368.97402      -368.92710      0.04692         61.00000       
-528.99055      -528.82250      0.16805         85.00000       
-512.53322      -512.61609      0.08287         82.00000       
-630.23237      -630.13635      0.09603         105.00000      
-534.46816      -534.77921      0.31104         86.00000       
-625.51854      -625.38833      0.13021         104.00000      
-539.98154      -539.85244      0.12910         87.00000       
-606.70478      -606.63212      0.07266         100.00000      
-571.60208      -571.68053      0.07845         93.00000       
-507.07740      -507.08364      0.00624         81.00000       
-518.04808      -518.02897      0.01911         83.00000       
-566.48475      -566.43194      0.05281         92.00000       
-534.48221      -534.53868      0.05648         86.00000       
-571.52644      -571.73880      0.21236         93.00000       
-545.41257      -545.39995      0.01262         88.00000       
-528.98736      -529.02278      0.03542         85.00000       
-620.82419      -620.70524      0.11896         103.00000      
-576.68696      -576.61687      0.07008         94.00000       
-556.29073      -556.57990      0.28916         90.00000       
-550.84639      -550.76694      0.07945         89.00000       
-580.77211      -580.80280      0.03069         95.00000       
-545.40690      -545.46550      0.05860         88.00000       
-620.84694      -620.85033      0.00339         103.00000      
-539.97689      -539.81630      0.16059         87.00000       
-518.01908      -517.97463      0.04445         83.00000       
-591.87799      -591.85113      0.02686         97.00000       
-586.84870      -586.88316      0.03446         96.00000       
-534.50711      -534.48187      0.02524         86.00000       
-571.57649      -571.68489      0.10841         93.00000       
-523.49911      -523.51334      0.01423         84.00000       
-528.98234      -528.97019      0.01215         85.00000       
-565.46499      -565.42492      0.04007         92.00000       
-576.65112      -576.70260      0.05148         94.00000       
-566.43575      -566.46464      0.02889         92.00000       
-581.75543      -581.73829      0.01715         95.00000       
-517.95890      -517.87435      0.08455         83.00000       
-534.49518      -534.58518      0.09001         86.00000       
-639.53340      -639.64215      0.10875         107.00000      
-576.65936      -576.71112      0.05177         94.00000       
-518.02333      -517.93055      0.09278         83.00000       
-586.93173      -586.86818      0.06355         96.00000       
-630.17285      -630.32636      0.15351         105.00000      
-580.94916      -581.01824      0.06908         95.00000       
-611.39357      -611.58913      0.19556         101.00000      
-545.39843      -545.48482      0.08638         88.00000       
-616.08348      -616.02650      0.05698         102.00000      
-625.50569      -625.52078      0.01509         104.00000      
-634.76338      -634.72317      0.04021         106.00000      
-581.77473      -581.73717      0.03756         95.00000       
-616.15139      -616.23750      0.08611         102.00000      
-539.98776      -539.91364      0.07412         87.00000       
-571.60800      -571.62783      0.01983         93.00000       
-523.49933      -523.34833      0.15101         84.00000       
-554.93342      -554.91538      0.01804         90.00000       
-591.90065      -591.84317      0.05748         97.00000       
-528.97559      -528.96806      0.00752         85.00000       
-621.01420      -620.81615      0.19804         103.00000      
-539.96845      -539.95779      0.01066         87.00000       
-576.70619      -576.64585      0.06034         94.00000       
-581.78695      -581.68194      0.10502         95.00000       
-523.49666      -523.41955      0.07712         84.00000       
-576.73045      -576.64255      0.08791         94.00000       
-566.48470      -566.51991      0.03521         92.00000       
-503.24381      -503.24381      0.00000         81.00000       
-575.57716      -575.67814      0.10099         94.00000       
-499.04875      -499.04875      0.00000         81.00000       
-496.71663      -496.71663      0.00000         81.00000       
-501.56478      -501.56478      0.00000         81.00000       
-86.67694       -86.98337       0.30643         14.00000       
-76.89610       -76.84482       0.05128         12.00000       
-162.59178      -162.47647      0.11531         26.00000       
-243.87204      -243.84371      0.02833         39.00000       
-317.84546      -318.00970      0.16424         51.00000       
-317.89713      -318.27707      0.37994         51.00000       
-253.57663      -253.45401      0.12262         41.00000       
-555.33740      -555.31451      0.02289         90.00000       
-324.86384      -325.05148      0.18764         52.00000       
-335.00543      -335.02224      0.01681         54.00000       
-327.36399      -328.18798      0.82399         53.00000       
-323.41065      -323.32927      0.08139         52.00000       
-312.24708      -312.37475      0.12767         50.00000       
-249.39004      -249.37299      0.01704         40.00000       
-330.91825      -330.78071      0.13755         53.00000       
-238.71908      -238.67773      0.04135         38.00000       
-81.80757       -81.89366       0.08608         13.00000       
-335.23153      -334.91084      0.32068         54.00000       
-580.62180      -580.65203      0.03023         95.00000       
# MSE = 1.47064E-02
# Maxerror = 8.23986E-01
